<?xml version="1.0" encoding="UTF-8" ?>
<testsuite tests="6" failures="0" name="mavenCucumber.cucumber.RunnerTest" time="0.029" errors="0" skipped="0">
  <properties>
[...]
</properties>
  <testcase classname="Scenario: Title of your scenario" name="Given I launch the ultimatix application" time="0.028"/>
  <testcase classname="Scenario: Title of your scenario" name="When I enter the username" time="0"/>
  <testcase classname="Scenario: Title of your scenario" name="And I enter the password" time="0"/>
  <testcase classname="Scenario: Title of your scenario" name="And I click on the login button" time="0"/>
  <testcase classname="Scenario: Title of your scenario" name="Then Homepage should be displayed" time="0"/>
  <testcase classname="Scenario: Title of your scenario" name="Scenario: Title of your scenario" time="0.001"/>
</testsuite>